<?xml version="1.0" encoding="UTF-8"?>
<testng-results skipped="0" failed="0" total="1" passed="1">
  <reporter-output>
  </reporter-output>
  <suite name="Default suite" duration-ms="23195" started-at="2016-06-24T13:33:24Z" finished-at="2016-06-24T13:33:47Z">
    <groups>
    </groups>
    <test name="Default test" duration-ms="23195" started-at="2016-06-24T13:33:24Z" finished-at="2016-06-24T13:33:47Z">
      <class name="automation.Appium">
        <test-method status="PASS" signature="setUp()[pri:0, instance:automation.Appium@100df86]" name="setUp" is-config="true" duration-ms="10268" started-at="2016-06-24T15:33:24Z" finished-at="2016-06-24T15:33:34Z">
          <reporter-output>
          </reporter-output>
        </test-method> <!-- setUp -->
        <test-method status="PASS" signature="returnToMainPage()[pri:0, instance:automation.Appium@100df86]" name="returnToMainPage" is-config="true" duration-ms="3904" started-at="2016-06-24T15:33:34Z" finished-at="2016-06-24T15:33:38Z">
          <reporter-output>
          </reporter-output>
        </test-method> <!-- returnToMainPage -->
        <test-method status="PASS" signature="menuLogoClick()[pri:0, instance:automation.Appium@100df86]" name="menuLogoClick" duration-ms="8015" started-at="2016-06-24T15:33:38Z" finished-at="2016-06-24T15:33:46Z">
          <reporter-output>
          </reporter-output>
        </test-method> <!-- menuLogoClick -->
        <test-method status="PASS" signature="tearDown()[pri:0, instance:automation.Appium@100df86]" name="tearDown" is-config="true" duration-ms="965" started-at="2016-06-24T15:33:46Z" finished-at="2016-06-24T15:33:47Z">
          <reporter-output>
          </reporter-output>
        </test-method> <!-- tearDown -->
      </class> <!-- automation.Appium -->
    </test> <!-- Default test -->
  </suite> <!-- Default suite -->
</testng-results>
